This file contains any messages produced by compilers while
running configure, to aid debugging if configure makes a mistake.

It was created by wmstickynotes configure 0.1, which was
generated by GNU Autoconf 2.69.  Invocation command line was

  $ ./configure --prefix=/usr

## --------- ##
## Platform. ##
## --------- ##

hostname = siriuz
uname -m = i686
uname -r = 3.8.0-35-generic
uname -s = Linux
uname -v = #50-Ubuntu SMP Tue Dec 3 01:25:33 UTC 2013

/usr/bin/uname -p = unknown
/bin/uname -X     = unknown

/bin/arch              = unknown
/usr/bin/arch -k       = unknown
/usr/convex/getsysinfo = unknown
/usr/bin/hostinfo      = unknown
/bin/machine           = unknown
/usr/bin/oslevel       = unknown
/bin/universe          = unknown

PATH: /usr/lib/lightdm/lightdm
PATH: /usr/local/sbin
PATH: /usr/local/bin
PATH: /usr/sbin
PATH: /usr/bin
PATH: /sbin
PATH: /bin
PATH: /usr/games
PATH: /usr/local/games


## ----------- ##
## Core tests. ##
## ----------- ##

configure:2215: checking for gcc
configure:2231: found /usr/bin/gcc
configure:2242: result: gcc
configure:2471: checking for C compiler version
configure:2480: gcc --version >&5
gcc (Ubuntu/Linaro 4.7.3-1ubuntu1) 4.7.3
Copyright (C) 2012 Free Software Foundation, Inc.
This is free software; see the source for copying conditions.  There is NO
warranty; not even for MERCHANTABILITY or FITNESS FOR A PARTICULAR PURPOSE.

configure:2491: $? = 0
configure:2480: gcc -v >&5
Using built-in specs.
COLLECT_GCC=gcc
COLLECT_LTO_WRAPPER=/usr/lib/gcc/i686-linux-gnu/4.7/lto-wrapper
Target: i686-linux-gnu
Configured with: ../src/configure -v --with-pkgversion='Ubuntu/Linaro 4.7.3-1ubuntu1' --with-bugurl=file:///usr/share/doc/gcc-4.7/README.Bugs --enable-languages=c,c++,go,fortran,objc,obj-c++ --prefix=/usr --program-suffix=-4.7 --enable-shared --enable-linker-build-id --libexecdir=/usr/lib --without-included-gettext --enable-threads=posix --with-gxx-include-dir=/usr/include/c++/4.7 --libdir=/usr/lib --enable-nls --with-sysroot=/ --enable-clocale=gnu --enable-libstdcxx-debug --enable-libstdcxx-time=yes --enable-gnu-unique-object --enable-plugin --with-system-zlib --enable-objc-gc --enable-targets=all --with-cloog --enable-cloog-backend=ppl --disable-cloog-version-check --disable-ppl-version-check --enable-multiarch --disable-werror --with-arch-32=i686 --with-multilib-list=m32,m64,mx32 --with-tune=generic --enable-checking=release --build=i686-linux-gnu --host=i686-linux-gnu --target=i686-linux-gnu
Thread model: posix
gcc version 4.7.3 (Ubuntu/Linaro 4.7.3-1ubuntu1) 
configure:2491: $? = 0
configure:2480: gcc -V >&5
gcc: error: unrecognized command line option '-V'
gcc: fatal error: no input files
compilation terminated.
configure:2491: $? = 4
configure:2480: gcc -qversion >&5
gcc: error: unrecognized command line option '-qversion'
gcc: fatal error: no input files
compilation terminated.
configure:2491: $? = 4
configure:2511: checking whether the C compiler works
configure:2533: gcc    conftest.c  >&5
configure:2537: $? = 0
configure:2585: result: yes
configure:2588: checking for C compiler default output file name
configure:2590: result: a.out
configure:2596: checking for suffix of executables
configure:2603: gcc -o conftest    conftest.c  >&5
configure:2607: $? = 0
configure:2629: result: 
configure:2651: checking whether we are cross compiling
configure:2659: gcc -o conftest    conftest.c  >&5
configure:2663: $? = 0
configure:2670: ./conftest
configure:2674: $? = 0
configure:2689: result: no
configure:2694: checking for suffix of object files
configure:2716: gcc -c   conftest.c >&5
configure:2720: $? = 0
configure:2741: result: o
configure:2745: checking whether we are using the GNU C compiler
configure:2764: gcc -c   conftest.c >&5
configure:2764: $? = 0
configure:2773: result: yes
configure:2782: checking whether gcc accepts -g
configure:2802: gcc -c -g  conftest.c >&5
configure:2802: $? = 0
configure:2843: result: yes
configure:2860: checking for gcc option to accept ISO C89
configure:2923: gcc  -c -g -O2  conftest.c >&5
configure:2923: $? = 0
configure:2936: result: none needed
configure:2999: checking for a BSD-compatible install
configure:3067: result: /usr/bin/install -c
configure:3078: checking whether ln -s works
configure:3082: result: yes
configure:3089: checking whether make sets $(MAKE)
configure:3111: result: yes
configure:3133: checking how to run the C preprocessor
configure:3164: gcc -E  conftest.c
configure:3164: $? = 0
configure:3178: gcc -E  conftest.c
conftest.c:9:28: fatal error: ac_nonexistent.h: No such file or directory
compilation terminated.
configure:3178: $? = 1
configure: failed program was:
| /* confdefs.h */
| #define PACKAGE_NAME "wmstickynotes"
| #define PACKAGE_TARNAME "wmstickynotes"
| #define PACKAGE_VERSION "0.1"
| #define PACKAGE_STRING "wmstickynotes 0.1"
| #define PACKAGE_BUGREPORT "Heath Caldwell <hncaldwell@gmail.com>"
| #define PACKAGE_URL ""
| /* end confdefs.h.  */
| #include <ac_nonexistent.h>
configure:3203: result: gcc -E
configure:3223: gcc -E  conftest.c
configure:3223: $? = 0
configure:3237: gcc -E  conftest.c
conftest.c:9:28: fatal error: ac_nonexistent.h: No such file or directory
compilation terminated.
configure:3237: $? = 1
configure: failed program was:
| /* confdefs.h */
| #define PACKAGE_NAME "wmstickynotes"
| #define PACKAGE_TARNAME "wmstickynotes"
| #define PACKAGE_VERSION "0.1"
| #define PACKAGE_STRING "wmstickynotes 0.1"
| #define PACKAGE_BUGREPORT "Heath Caldwell <hncaldwell@gmail.com>"
| #define PACKAGE_URL ""
| /* end confdefs.h.  */
| #include <ac_nonexistent.h>
configure:3266: checking for X
configure:3374: gcc -E  conftest.c
configure:3374: $? = 0
configure:3405: gcc -o conftest -g -O2   conftest.c -lX11  >&5
configure:3405: $? = 0
configure:3455: result: libraries , headers 
configure:3554: gcc -o conftest -g -O2   conftest.c   -lX11 >&5
configure:3554: $? = 0
configure:3652: checking for gethostbyname
configure:3652: gcc -o conftest -g -O2   conftest.c  >&5
configure:3652: $? = 0
configure:3652: result: yes
configure:3749: checking for connect
configure:3749: gcc -o conftest -g -O2   conftest.c  >&5
configure:3749: $? = 0
configure:3749: result: yes
configure:3798: checking for remove
configure:3798: gcc -o conftest -g -O2   conftest.c  >&5
configure:3798: $? = 0
configure:3798: result: yes
configure:3847: checking for shmat
configure:3847: gcc -o conftest -g -O2   conftest.c  >&5
configure:3847: $? = 0
configure:3847: result: yes
configure:3905: checking for IceConnectionNumber in -lICE
configure:3930: gcc -o conftest -g -O2   conftest.c -lICE   >&5
configure:3930: $? = 0
configure:3939: result: yes
configure:3952: checking for dirent.h that defines DIR
configure:3971: gcc -c -g -O2  conftest.c >&5
configure:3971: $? = 0
configure:3979: result: yes
configure:3992: checking for library containing opendir
configure:4023: gcc -o conftest -g -O2   conftest.c  >&5
configure:4023: $? = 0
configure:4040: result: none required
configure:4107: checking for grep that handles long lines and -e
configure:4165: result: /bin/grep
configure:4170: checking for egrep
configure:4232: result: /bin/grep -E
configure:4237: checking for ANSI C header files
configure:4257: gcc -c -g -O2  conftest.c >&5
configure:4257: $? = 0
configure:4330: gcc -o conftest -g -O2   conftest.c  >&5
configure:4330: $? = 0
configure:4330: ./conftest
configure:4330: $? = 0
configure:4341: result: yes

## ---------------- ##
## Cache variables. ##
## ---------------- ##

ac_cv_c_compiler_gnu=yes
ac_cv_env_CC_set=
ac_cv_env_CC_value=
ac_cv_env_CFLAGS_set=
ac_cv_env_CFLAGS_value=
ac_cv_env_CPPFLAGS_set=
ac_cv_env_CPPFLAGS_value=
ac_cv_env_CPP_set=
ac_cv_env_CPP_value=
ac_cv_env_LDFLAGS_set=
ac_cv_env_LDFLAGS_value=
ac_cv_env_LIBS_set=
ac_cv_env_LIBS_value=
ac_cv_env_XMKMF_set=
ac_cv_env_XMKMF_value=
ac_cv_env_build_alias_set=
ac_cv_env_build_alias_value=
ac_cv_env_host_alias_set=
ac_cv_env_host_alias_value=
ac_cv_env_target_alias_set=
ac_cv_env_target_alias_value=
ac_cv_func_connect=yes
ac_cv_func_gethostbyname=yes
ac_cv_func_remove=yes
ac_cv_func_shmat=yes
ac_cv_have_x='have_x=yes	ac_x_includes='\'''\''	ac_x_libraries='\'''\'''
ac_cv_header_dirent_dirent_h=yes
ac_cv_header_stdc=yes
ac_cv_lib_ICE_IceConnectionNumber=yes
ac_cv_objext=o
ac_cv_path_EGREP='/bin/grep -E'
ac_cv_path_GREP=/bin/grep
ac_cv_path_install='/usr/bin/install -c'
ac_cv_prog_CPP='gcc -E'
ac_cv_prog_ac_ct_CC=gcc
ac_cv_prog_cc_c89=
ac_cv_prog_cc_g=yes
ac_cv_prog_make_make_set=yes
ac_cv_search_opendir='none required'

## ----------------- ##
## Output variables. ##
## ----------------- ##

CC='gcc'
CFLAGS='-g -O2'
CPP='gcc -E'
CPPFLAGS=''
DEFS=''
ECHO_C=''
ECHO_N='-n'
ECHO_T=''
EGREP='/bin/grep -E'
EXEEXT=''
GREP='/bin/grep'
GTK_CFLAGS=''
GTK_LIBS=''
INSTALL_DATA='${INSTALL} -m 644'
INSTALL_PROGRAM='${INSTALL}'
INSTALL_SCRIPT='${INSTALL}'
LDFLAGS=''
LIBOBJS=''
LIBS=''
LN_S='ln -s'
LTLIBOBJS=''
OBJEXT='o'
PACKAGE_BUGREPORT='Heath Caldwell <hncaldwell@gmail.com>'
PACKAGE_NAME='wmstickynotes'
PACKAGE_STRING='wmstickynotes 0.1'
PACKAGE_TARNAME='wmstickynotes'
PACKAGE_URL=''
PACKAGE_VERSION='0.1'
PATH_SEPARATOR=':'
SET_MAKE=''
SHELL='/bin/bash'
XMKMF=''
X_CFLAGS=''
X_EXTRA_LIBS=''
X_LIBS=''
X_PRE_LIBS=' -lSM -lICE'
ac_ct_CC='gcc'
bindir='${exec_prefix}/bin'
build_alias=''
datadir='${datarootdir}'
datarootdir='${prefix}/share'
docdir='${datarootdir}/doc/${PACKAGE_TARNAME}'
dvidir='${docdir}'
exec_prefix='NONE'
host_alias=''
htmldir='${docdir}'
includedir='${prefix}/include'
infodir='${datarootdir}/info'
libdir='${exec_prefix}/lib'
libexecdir='${exec_prefix}/libexec'
localedir='${datarootdir}/locale'
localstatedir='${prefix}/var'
mandir='${datarootdir}/man'
oldincludedir='/usr/include'
pdfdir='${docdir}'
prefix='/usr'
program_transform_name='s,x,x,'
psdir='${docdir}'
sbindir='${exec_prefix}/sbin'
sharedstatedir='${prefix}/com'
sysconfdir='${prefix}/etc'
target_alias=''

## ----------- ##
## confdefs.h. ##
## ----------- ##

/* confdefs.h */
#define PACKAGE_NAME "wmstickynotes"
#define PACKAGE_TARNAME "wmstickynotes"
#define PACKAGE_VERSION "0.1"
#define PACKAGE_STRING "wmstickynotes 0.1"
#define PACKAGE_BUGREPORT "Heath Caldwell <hncaldwell@gmail.com>"
#define PACKAGE_URL ""
#define HAVE_DIRENT_H 1
#define STDC_HEADERS 1

configure: exit 2
